Watching for file changes with StatReloader
C:\Users\User\OneDrive\Desktop\computer_science\work\GenericWeb\backend\generic3\generic3\settings.py changed, reloading.
Watching for file changes with StatReloader
C:\Users\User\OneDrive\Desktop\computer_science\work\GenericWeb\backend\generic3\api\views.py changed, reloading.
Watching for file changes with StatReloader
C:\Users\User\OneDrive\Desktop\computer_science\work\GenericWeb\backend\generic3\generic3\authentication.py changed, reloading.
Watching for file changes with StatReloader
C:\Users\User\OneDrive\Desktop\computer_science\work\GenericWeb\backend\generic3\api\views.py changed, reloading.
Watching for file changes with StatReloader
C:\Users\User\OneDrive\Desktop\computer_science\work\GenericWeb\backend\generic3\api\urls.py changed, reloading.
Watching for file changes with StatReloader
Watching for file changes with StatReloader
C:\Users\User\OneDrive\Desktop\computer_science\work\GenericWeb\backend\generic3\api\urls.py changed, reloading.
C:\Users\User\OneDrive\Desktop\computer_science\work\GenericWeb\backend\generic3\api\urls.py changed, reloading.
Watching for file changes with StatReloader
Watching for file changes with StatReloader
C:\Users\User\OneDrive\Desktop\computer_science\work\GenericWeb\backend\generic3\api\views.py changed, reloading.
C:\Users\User\OneDrive\Desktop\computer_science\work\GenericWeb\backend\generic3\api\views.py changed, reloading.
Watching for file changes with StatReloader
Watching for file changes with StatReloader
C:\Users\User\OneDrive\Desktop\computer_science\work\GenericWeb\backend\generic3\generic3\authentication.py changed, reloading.
C:\Users\User\OneDrive\Desktop\computer_science\work\GenericWeb\backend\generic3\generic3\authentication.py changed, reloading.
Watching for file changes with StatReloader
Watching for file changes with StatReloader
C:\Users\User\OneDrive\Desktop\computer_science\work\GenericWeb\backend\generic3\generic3\settings.py changed, reloading.
C:\Users\User\OneDrive\Desktop\computer_science\work\GenericWeb\backend\generic3\generic3\settings.py changed, reloading.
Watching for file changes with StatReloader
Watching for file changes with StatReloader
